e:\投稿系统\投稿系统\x64\debug\moc_authoremail.obj
e:\投稿系统\投稿系统\x64\debug\qrc_mainwidget.obj
e:\投稿系统\投稿系统\x64\debug\moc_membermanage.obj
e:\投稿系统\投稿系统\x64\debug\moc_infordelivery.obj
e:\投稿系统\投稿系统\x64\debug\moc_login.obj
e:\投稿系统\投稿系统\x64\debug\moc_mainwidget.obj
e:\投稿系统\投稿系统\x64\debug\moc_expertemail.obj
e:\投稿系统\投稿系统\x64\debug\moc_readme.obj
e:\投稿系统\投稿系统\x64\debug\moc_lookemail.obj
e:\投稿系统\投稿系统\x64\debug\authoremail.obj
e:\投稿系统\投稿系统\x64\debug\readme.obj
e:\投稿系统\投稿系统\x64\debug\main.obj
e:\投稿系统\投稿系统\x64\debug\lookemail.obj
e:\投稿系统\投稿系统\x64\debug\login.obj
e:\投稿系统\投稿系统\x64\debug\expertemail.obj
e:\投稿系统\投稿系统\x64\debug\infordelivery.obj
e:\投稿系统\投稿系统\x64\debug\mainwidget.obj
e:\投稿系统\投稿系统\x64\debug\data.obj
e:\投稿系统\投稿系统\x64\debug\membermanage.obj
e:\投稿系统\投稿系统\x64\debug\vc141.pdb
e:\投稿系统\x64\debug\投稿系统.ilk
e:\投稿系统\x64\debug\投稿系统.exe
e:\投稿系统\x64\debug\投稿系统.pdb
e:\投稿系统\投稿系统\x64\debug\moc\moc_mainwidget.cpp
e:\投稿系统\投稿系统\x64\debug\moc\moc_login.cpp
e:\投稿系统\投稿系统\x64\debug\moc\moc_readme.cpp
e:\投稿系统\投稿系统\x64\debug\moc\moc_infordelivery.cpp
e:\投稿系统\投稿系统\x64\debug\moc\moc_authoremail.cpp
e:\投稿系统\投稿系统\x64\debug\moc\moc_expertemail.cpp
e:\投稿系统\投稿系统\x64\debug\moc\moc_lookemail.cpp
e:\投稿系统\投稿系统\x64\debug\moc\moc_membermanage.cpp
e:\投稿系统\投稿系统\x64\debug\rcc\qrc_mainwidget.cpp
e:\投稿系统\投稿系统\x64\debug\uic\ui_authoremail.h
e:\投稿系统\投稿系统\x64\debug\uic\ui_expertemail.h
e:\投稿系统\投稿系统\x64\debug\uic\ui_infordelivery.h
e:\投稿系统\投稿系统\x64\debug\uic\ui_login.h
e:\投稿系统\投稿系统\x64\debug\uic\ui_lookemail.h
e:\投稿系统\投稿系统\x64\debug\uic\ui_mainwidget.h
e:\投稿系统\投稿系统\x64\debug\uic\ui_membermanage.h
e:\投稿系统\投稿系统\x64\debug\uic\ui_readme.h
e:\投稿系统\投稿系统\x64\debug\投稿系统.tlog\cl.command.1.tlog
e:\投稿系统\投稿系统\x64\debug\投稿系统.tlog\cl.read.1.tlog
e:\投稿系统\投稿系统\x64\debug\投稿系统.tlog\cl.write.1.tlog
e:\投稿系统\投稿系统\x64\debug\投稿系统.tlog\link.command.1.tlog
e:\投稿系统\投稿系统\x64\debug\投稿系统.tlog\link.read.1.tlog
e:\投稿系统\投稿系统\x64\debug\投稿系统.tlog\link.write.1.tlog
e:\投稿系统\投稿系统\x64\debug\投稿系统.tlog\moc.read.1u.tlog
e:\投稿系统\投稿系统\x64\debug\投稿系统.tlog\moc.write.1u.tlog
e:\投稿系统\投稿系统\x64\debug\投稿系统.tlog\rcc.read.1u.tlog
e:\投稿系统\投稿系统\x64\debug\投稿系统.tlog\rcc.write.1u.tlog
e:\投稿系统\投稿系统\x64\debug\投稿系统.tlog\uic.read.1u.tlog
e:\投稿系统\投稿系统\x64\debug\投稿系统.tlog\uic.write.1u.tlog
e:\投稿系统\投稿系统\x64\debug\投稿系统.tlog\投稿系统.write.1u.tlog
